d:\game\gamedevpracticepackage\lecture1\x64\release\vc141.pdb
d:\game\gamedevpracticepackage\lecture1\x64\release\timer.obj
d:\game\gamedevpracticepackage\lecture1\x64\release\main.obj
d:\game\gamedevpracticepackage\lecture1\x64\release\game2d.obj
d:\game\gamedevpracticepackage\lecture1\x64\release\drawfunctions.obj
d:\game_easy\gamedevpracticepackage\lecture1\x64\release\vc141.pdb
d:\game_easy\gamedevpracticepackage\lecture1\x64\release\main.obj
d:\game_easy\gamedevpracticepackage\lecture1\x64\release\timer.obj
d:\game_easy\gamedevpracticepackage\lecture1\x64\release\game2d.obj
d:\game_easy\gamedevpracticepackage\lecture1\x64\release\drawfunctions.obj
d:\game_easy\gamedevpracticepackage\lecture1\x64\release\plane.obj
d:\game_easy\gamedevpracticepackage\lecture1\x64\release\sound.obj
d:\game\gamedevpracticepackage\lecture1\x64\release\lecture1.ipdb
d:\game\gamedevpracticepackage\lecture1\x64\release\lecture1.iobj
d:\game\gamedevpracticepackage\lecture1\x64\release\vcpkg.applocal.log
d:\game\gamedevpracticepackage\lecture1\x64\release\glew32.dll
d:\game\gamedevpracticepackage\lecture1\x64\release\glfw3.dll
d:\game_easy\gamedevpracticepackage\lecture1\x64\release\lecture1.ipdb
d:\game_easy\gamedevpracticepackage\lecture1\x64\release\lecture1.iobj
d:\game_easy\gamedevpracticepackage\lecture1\x64\release\vcpkg.applocal.log
d:\game_easy\gamedevpracticepackage\lecture1\x64\release\glew32.dll
d:\game_easy\gamedevpracticepackage\lecture1\x64\release\glfw3.dll
d:\game\gamedevpracticepackage\lecture1\x64\release\lecture1.exe
d:\game\gamedevpracticepackage\lecture1\x64\release\lecture1.pdb
d:\game_easy\gamedevpracticepackage\lecture1\x64\release\lecture1.exe
d:\game_easy\gamedevpracticepackage\lecture1\x64\release\lecture1.pdb
d:\game_easy\gamedevpracticepackage\lecture1\x64\release\lecture1.tlog\cl.command.1.tlog
d:\game_easy\gamedevpracticepackage\lecture1\x64\release\lecture1.tlog\cl.read.1.tlog
d:\game_easy\gamedevpracticepackage\lecture1\x64\release\lecture1.tlog\cl.write.1.tlog
d:\game_easy\gamedevpracticepackage\lecture1\x64\release\lecture1.tlog\lecture1.write.1u.tlog
d:\game_easy\gamedevpracticepackage\lecture1\x64\release\lecture1.tlog\link.command.1.tlog
d:\game_easy\gamedevpracticepackage\lecture1\x64\release\lecture1.tlog\link.read.1.tlog
d:\game_easy\gamedevpracticepackage\lecture1\x64\release\lecture1.tlog\link.write.1.tlog
